<?xml version="1.0" encoding="UTF-8"?>
<testsuite xmlns:xsi="http://www.w3.org/2001/XMLSchema-instance" xsi:noNamespaceSchemaLocation="https://maven.apache.org/surefire/maven-surefire-plugin/xsd/surefire-test-report.xsd" name="BookingTests" time="6.919" tests="3" errors="0" skipped="0" failures="0">
  <properties>
[...]
</properties>
  <testcase name="getAllBookingsByUserFirstName_BookingExists_returnOk" classname="BookingTests" time="3.589"/>
  <testcase name="getAllBookingsById_returnOk" classname="BookingTests" time="1.487"/>
  <testcase name="CreateBooking_WithValidData_returnOk" classname="BookingTests" time="0.847"/>
</testsuite>